MEDIAN = 9 ; PUSHED TO B = 19
MEDIAN = 9 ; PUSHED TO B = 15
MEDIAN = 9 ; PUSHED TO B = 17
MEDIAN = 9 ; PUSHED TO B = 14
MEDIAN = 9 ; PUSHED TO B = 18
MEDIAN = 9 ; PUSHED TO B = 11
MEDIAN = 9 ; PUSHED TO B = 16
MEDIAN = 9 ; PUSHED TO B = 13
MEDIAN = 9 ; PUSHED TO B = 10
MEDIAN = 9 ; PUSHED TO B = 12
[19, 4, 3, 6, 7, 5, 1, 9, 2, 0, 8]
[19, 4, 3, 6, 7, 5, 1, 9, 2, 0, 8, 10]
[19, 4, 3, 6, 7, 5, 1, 9, 2, 0, 8, 10, 11]
[18, 19, 4, 3, 6, 7, 5, 1, 9, 2, 0, 8, 10, 11]
[17, 18, 19, 4, 3, 6, 7, 5, 1, 9, 2, 0, 8, 10, 11]
[17, 18, 19, 4, 3, 6, 7, 5, 1, 9, 2, 0, 8, 10, 11, 12]
[17, 18, 19, 4, 3, 6, 7, 5, 1, 9, 2, 0, 8, 10, 11, 12, 13]
[16, 17, 18, 19, 4, 3, 6, 7, 5, 1, 9, 2, 0, 8, 10, 11, 12, 13]
[16, 17, 18, 19, 4, 3, 6, 7, 5, 1, 9, 2, 0, 8, 10, 11, 12, 13, 14]
[15, 16, 17, 18, 19, 4, 3, 6, 7, 5, 1, 9, 2, 0, 8, 10, 11, 12, 13, 14]
MEDIAN = 9 ; PUSHED TO B = 4
MEDIAN = 9 ; PUSHED TO B = 3
MEDIAN = 9 ; PUSHED TO B = 6
MEDIAN = 9 ; PUSHED TO B = 7
MEDIAN = 9 ; PUSHED TO B = 5
MEDIAN = 9 ; PUSHED TO B = 1
MEDIAN = 9 ; PUSHED TO B = 9
MEDIAN = 9 ; PUSHED TO B = 2
MEDIAN = 9 ; PUSHED TO B = 0
MEDIAN = 9 ; PUSHED TO B = 8
[10, 11, 12, 13, 14, 15, 16, 17, 18, 19, 0]
[9, 10, 11, 12, 13, 14, 15, 16, 17, 18, 19, 0]
[9, 10, 11, 12, 13, 14, 15, 16, 17, 18, 19, 0, 1]
[9, 10, 11, 12, 13, 14, 15, 16, 17, 18, 19, 0, 1, 2]
[8, 9, 10, 11, 12, 13, 14, 15, 16, 17, 18, 19, 0, 1, 2]
[7, 8, 9, 10, 11, 12, 13, 14, 15, 16, 17, 18, 19, 0, 1, 2]
[6, 7, 8, 9, 10, 11, 12, 13, 14, 15, 16, 17, 18, 19, 0, 1, 2]
[6, 7, 8, 9, 10, 11, 12, 13, 14, 15, 16, 17, 18, 19, 0, 1, 2, 3]
[6, 7, 8, 9, 10, 11, 12, 13, 14, 15, 16, 17, 18, 19, 0, 1, 2, 3, 4]
[5, 6, 7, 8, 9, 10, 11, 12, 13, 14, 15, 16, 17, 18, 19, 0, 1, 2, 3, 4]


DONE


[4, 5, 6, 7, 8, 9, 10, 11, 12, 13, 14, 15, 16, 17, 18, 19, 0, 1, 2, 3]
[3, 4, 5, 6, 7, 8, 9, 10, 11, 12, 13, 14, 15, 16, 17, 18, 19, 0, 1, 2]
[2, 3, 4, 5, 6, 7, 8, 9, 10, 11, 12, 13, 14, 15, 16, 17, 18, 19, 0, 1]
[1, 2, 3, 4, 5, 6, 7, 8, 9, 10, 11, 12, 13, 14, 15, 16, 17, 18, 19, 0]
[0, 1, 2, 3, 4, 5, 6, 7, 8, 9, 10, 11, 12, 13, 14, 15, 16, 17, 18, 19]
